<?xml version="1.0" encoding="UTF-8"?>
<testsuite name="org.example.SumTest" tests="1" skipped="0" failures="0" errors="0" timestamp="2022-09-24T13:37:07" hostname="LAPTOP-V7DNRJ7B" time="0.024">
  <properties/>
  <testcase name="sumNumbers()" classname="org.example.SumTest" time="0.024"/>
  <system-out><![CDATA[]]></system-out>
  <system-err><![CDATA[]]></system-err>
</testsuite>
